<html>
<body>
<pre>
<h1>Vision Build Log</h1>
<h2>Project:</h2>
E:\51单片机\6并转串\template.uvproj
Project File Date:  03/12/2021

<h2>Output:</h2>
Build target 'Target 1'
compiling main.c...
MAIN.C(22): error C202: '_nop_': undefined identifier
MAIN.C(24): error C202: '_nop_': undefined identifier
MAIN.C(30): error C202: '_nop_': undefined identifier
MAIN.C(46): error C141: syntax error near ';'
MAIN.C(47): error C141: syntax error near ';'
MAIN.C(48): error C141: syntax error near ';'
MAIN.C(49): error C141: syntax error near ';'
MAIN.C(50): error C141: syntax error near ';'
MAIN.C(51): error C141: syntax error near ';'
Target not created
Build target 'Target 1'
compiling main.c...
MAIN.C(22): error C202: '_nop_': undefined identifier
MAIN.C(24): error C202: '_nop_': undefined identifier
MAIN.C(30): error C202: '_nop_': undefined identifier
Target not created
Build target 'Target 1'
compiling main.c...
MAIN.C(22): warning C206: '_nop_': missing function-prototype
MAIN.C(22): error C264: intrinsic '_nop_': declaration/activation error
Target not created
Build target 'Target 1'
compiling main.c...
linking...
Program Size: data=10.0 xdata=0 code=155
creating hex file from "template"...
"template" - 0 Error(s), 0 Warning(s).
Build target 'Target 1'
compiling main.c...
linking...
Program Size: data=10.0 xdata=0 code=206
creating hex file from "template"...
"template" - 0 Error(s), 0 Warning(s).
Build target 'Target 1'
compiling main.c...
linking...
Program Size: data=10.0 xdata=0 code=222
creating hex file from "template"...
"template" - 0 Error(s), 0 Warning(s).
Build target 'Target 1'
compiling main.c...
linking...
Program Size: data=10.0 xdata=0 code=231
creating hex file from "template"...
"template" - 0 Error(s), 0 Warning(s).
Build target 'Target 1'
compiling main.c...
linking...
Program Size: data=9.0 xdata=0 code=231
creating hex file from "template"...
"template" - 0 Error(s), 0 Warning(s).
Build target 'Target 1'
compiling main.c...
linking...
Program Size: data=9.0 xdata=0 code=215
creating hex file from "template"...
"template" - 0 Error(s), 0 Warning(s).
Build target 'Target 1'
compiling main.c...
linking...
Program Size: data=9.0 xdata=0 code=220
creating hex file from "template"...
"template" - 0 Error(s), 0 Warning(s).
Build target 'Target 1'
compiling main.c...
linking...
*** WARNING L16: UNCALLED SEGMENT, IGNORED FOR OVERLAY PROCESS
    SEGMENT: ?PR?BEEP?MAIN
Program Size: data=9.0 xdata=0 code=93
creating hex file from "template"...
"template" - 0 Error(s), 1 Warning(s).
Build target 'Target 1'
compiling main.c...
linking...
Program Size: data=9.0 xdata=0 code=100
creating hex file from "template"...
"template" - 0 Error(s), 0 Warning(s).
Build target 'Target 1'
compiling main.c...
MAIN.C(57): warning C206: 'Read165': missing function-prototype
linking...
*** WARNING L16: UNCALLED SEGMENT, IGNORED FOR OVERLAY PROCESS
    SEGMENT: ?PR?READ74HC165?MAIN
*** WARNING L1: UNRESOLVED EXTERNAL SYMBOL
    SYMBOL:  READ165
    MODULE:  main.obj (MAIN)
*** WARNING L2: REFERENCE MADE TO UNRESOLVED EXTERNAL
    SYMBOL:  READ165
    MODULE:  main.obj (MAIN)
    ADDRESS: 0030H
Program Size: data=9.0 xdata=0 code=100
creating hex file from "template"...
"template" - 0 Error(s), 4 Warning(s).
Build target 'Target 1'
compiling main.c...
linking...
Program Size: data=9.0 xdata=0 code=100
creating hex file from "template"...
"template" - 0 Error(s), 0 Warning(s).
Build target 'Target 1'
compiling main.c...
linking...
*** WARNING L16: UNCALLED SEGMENT, IGNORED FOR OVERLAY PROCESS
    SEGMENT: ?PR?BEEP?MAIN
Program Size: data=9.0 xdata=0 code=93
creating hex file from "template"...
"template" - 0 Error(s), 1 Warning(s).
Build target 'Target 1'
compiling main.c...
linking...
*** WARNING L16: UNCALLED SEGMENT, IGNORED FOR OVERLAY PROCESS
    SEGMENT: ?PR?BEEP?MAIN
Program Size: data=9.0 xdata=0 code=93
creating hex file from "template"...
"template" - 0 Error(s), 1 Warning(s).
Build target 'Target 1'
compiling main.c...
linking...
Program Size: data=9.0 xdata=0 code=242
creating hex file from "template"...
"template" - 0 Error(s), 0 Warning(s).
Build target 'Target 1'
compiling main.c...
linking...
Program Size: data=9.0 xdata=0 code=94
creating hex file from "template"...
"template" - 0 Error(s), 0 Warning(s).
Build target 'Target 1'
compiling main.c...
linking...
Program Size: data=9.0 xdata=0 code=247
creating hex file from "template"...
"template" - 0 Error(s), 0 Warning(s).
Build target 'Target 1'
compiling main.c...
linking...
Program Size: data=9.0 xdata=0 code=240
creating hex file from "template"...
"template" - 0 Error(s), 0 Warning(s).
Build target 'Target 1'
compiling main.c...
MAIN.C(21): warning C276: constant in condition expression
linking...
Program Size: data=9.0 xdata=0 code=98
creating hex file from "template"...
"template" - 0 Error(s), 1 Warning(s).
Build target 'Target 1'
compiling main.c...
linking...
Program Size: data=9.0 xdata=0 code=105
creating hex file from "template"...
"template" - 0 Error(s), 0 Warning(s).
Build target 'Target 1'
compiling main.c...
linking...
Program Size: data=9.0 xdata=0 code=128
creating hex file from "template"...
"template" - 0 Error(s), 0 Warning(s).
Build target 'Target 1'
compiling main.c...
linking...
Program Size: data=9.0 xdata=0 code=128
creating hex file from "template"...
"template" - 0 Error(s), 0 Warning(s).
Build target 'Target 1'
compiling main.c...
linking...
Program Size: data=9.0 xdata=0 code=114
creating hex file from "template"...
"template" - 0 Error(s), 0 Warning(s).
Build target 'Target 1'
compiling main.c...
linking...
Program Size: data=9.0 xdata=0 code=115
creating hex file from "template"...
"template" - 0 Error(s), 0 Warning(s).
Build target 'Target 1'
compiling main.c...
linking...
Program Size: data=9.0 xdata=0 code=115
creating hex file from "template"...
"template" - 0 Error(s), 0 Warning(s).
Build target 'Target 1'
compiling main.c...
linking...
Program Size: data=9.0 xdata=0 code=184
creating hex file from "template"...
"template" - 0 Error(s), 0 Warning(s).
Build target 'Target 1'
compiling main.c...
linking...
Program Size: data=9.0 xdata=0 code=183
creating hex file from "template"...
"template" - 0 Error(s), 0 Warning(s).
